<?xml version="1.0" encoding="UTF-8"?>
<!-- Generated by org.testng.reporters.JUnitXMLReporter -->
<testsuite ignored="4" hostname="CHQS-235LR54" failures="0" tests="1" name="Surefire test" time="0.037" errors="0" timestamp="2025-12-19T14:41:13 EST">
  <testcase classname="com.rdk.validation.features.smoke.PowerSmokeTest" name="powerOnSmokeTest" time="0.005"/>
  <testcase classname="com.rdk.validation.features.validation.WifiValidationTest" name="wifiConnectTest" time="0.0">
    <ignored/>
  </testcase> <!-- wifiConnectTest -->
  <testcase classname="com.rdk.validation.features.AppLaunchTest" name="shouldLaunchNetflix" time="0.0">
    <ignored/>
  </testcase> <!-- shouldLaunchNetflix -->
  <testcase classname="com.rdk.validation.FrameworkSmokeTest" name="smokeSimulatorTest" time="0.0">
    <ignored/>
  </testcase> <!-- smokeSimulatorTest -->
  <testcase classname="com.rdk.validation.FrameworkSmokeTest" name="frameworkShouldRun" time="0.0">
    <ignored/>
  </testcase> <!-- frameworkShouldRun -->
</testsuite> <!-- Surefire test -->
