<?xml version="1.0" encoding="UTF-8"?>
<testng-results ignored="0" total="2" passed="2" failed="0" skipped="0">
  <reporter-output>
  </reporter-output>
  <suite started-at="2025-12-19T10:42:50 EST" name="Surefire suite" finished-at="2025-12-19T10:42:50 EST" duration-ms="32">
    <groups>
    </groups>
    <test started-at="2025-12-19T10:42:50 EST" name="Surefire test" finished-at="2025-12-19T10:42:50 EST" duration-ms="32">
      <class name="com.rdk.validation.FrameworkSmokeTest">
        <test-method is-config="true" signature="setUp()[pri:0, instance:com.rdk.validation.FrameworkSmokeTest@7f416310]" started-at="2025-12-19T10:42:50 EST" name="setUp" finished-at="2025-12-19T10:42:50 EST" duration-ms="4" status="PASS">
          <reporter-output>
          </reporter-output>
        </test-method> <!-- setUp -->
        <test-method signature="frameworkShouldRun()[pri:0, instance:com.rdk.validation.FrameworkSmokeTest@7f416310]" started-at="2025-12-19T10:42:50 EST" name="frameworkShouldRun" finished-at="2025-12-19T10:42:50 EST" duration-ms="2" status="PASS">
          <reporter-output>
          </reporter-output>
        </test-method> <!-- frameworkShouldRun -->
        <test-method is-config="true" signature="tearDown()[pri:0, instance:com.rdk.validation.FrameworkSmokeTest@7f416310]" started-at="2025-12-19T10:42:50 EST" name="tearDown" finished-at="2025-12-19T10:42:50 EST" duration-ms="0" status="PASS">
          <reporter-output>
          </reporter-output>
        </test-method> <!-- tearDown -->
        <test-method signature="smokeSimulatorTest()[pri:0, instance:com.rdk.validation.FrameworkSmokeTest@7f416310]" started-at="2025-12-19T10:42:50 EST" name="smokeSimulatorTest" finished-at="2025-12-19T10:42:50 EST" duration-ms="1" status="PASS">
          <reporter-output>
          </reporter-output>
        </test-method> <!-- smokeSimulatorTest -->
        <test-method is-config="true" signature="setUp()[pri:0, instance:com.rdk.validation.FrameworkSmokeTest@7f416310]" started-at="2025-12-19T10:42:50 EST" name="setUp" finished-at="2025-12-19T10:42:50 EST" duration-ms="0" status="PASS">
          <reporter-output>
          </reporter-output>
        </test-method> <!-- setUp -->
        <test-method is-config="true" signature="tearDown()[pri:0, instance:com.rdk.validation.FrameworkSmokeTest@7f416310]" started-at="2025-12-19T10:42:50 EST" name="tearDown" finished-at="2025-12-19T10:42:50 EST" duration-ms="0" status="PASS">
          <reporter-output>
          </reporter-output>
        </test-method> <!-- tearDown -->
      </class> <!-- com.rdk.validation.FrameworkSmokeTest -->
    </test> <!-- Surefire test -->
  </suite> <!-- Surefire suite -->
</testng-results>
