<?xml version="1.0" encoding="UTF-8"?>
<testng-results ignored="4" total="5" passed="1" failed="0" skipped="0">
  <reporter-output>
  </reporter-output>
  <suite started-at="2025-12-19T14:41:13 EST" name="Surefire suite" finished-at="2025-12-19T14:41:13 EST" duration-ms="37">
    <groups>
      <group name="smoke">
        <method signature="PowerSmokeTest.powerOnSmokeTest()[pri:0, instance:com.rdk.validation.features.smoke.PowerSmokeTest@5cdd8682]" name="powerOnSmokeTest" class="com.rdk.validation.features.smoke.PowerSmokeTest"/>
      </group> <!-- smoke -->
    </groups>
    <test started-at="2025-12-19T14:41:13 EST" name="Surefire test" finished-at="2025-12-19T14:41:13 EST" duration-ms="37">
      <class name="com.rdk.validation.features.smoke.PowerSmokeTest">
        <test-method is-config="true" signature="setUpClass()[pri:0, instance:com.rdk.validation.features.smoke.PowerSmokeTest@5cdd8682]" started-at="2025-12-19T14:41:13 EST" name="setUpClass" finished-at="2025-12-19T14:41:13 EST" duration-ms="6" status="PASS">
          <reporter-output>
          </reporter-output>
        </test-method> <!-- setUpClass -->
        <test-method signature="powerOnSmokeTest()[pri:0, instance:com.rdk.validation.features.smoke.PowerSmokeTest@5cdd8682]" started-at="2025-12-19T14:41:13 EST" name="powerOnSmokeTest" finished-at="2025-12-19T14:41:13 EST" duration-ms="5" status="PASS">
          <reporter-output>
          </reporter-output>
        </test-method> <!-- powerOnSmokeTest -->
        <test-method is-config="true" signature="tearDownClass()[pri:0, instance:com.rdk.validation.features.smoke.PowerSmokeTest@5cdd8682]" started-at="2025-12-19T14:41:13 EST" name="tearDownClass" finished-at="2025-12-19T14:41:13 EST" duration-ms="0" status="PASS">
          <reporter-output>
          </reporter-output>
        </test-method> <!-- tearDownClass -->
      </class> <!-- com.rdk.validation.features.smoke.PowerSmokeTest -->
    </test> <!-- Surefire test -->
  </suite> <!-- Surefire suite -->
</testng-results>
