<?xml version="1.0" encoding="UTF-8"?>
<!-- Generated by org.testng.reporters.JUnitReportReporter -->
<testsuite hostname="CHQS-235LR54" failures="0" tests="1" name="com.rdk.validation.features.validation.WifiValidationTest" time="0.002" errors="0" timestamp="2025-12-19T14:41:01 EST" skipped="0">
  <testcase classname="com.rdk.validation.features.validation.WifiValidationTest" name="wifiConnectTest" time="0.002"/>
  <system-out/>
</testsuite> <!-- com.rdk.validation.features.validation.WifiValidationTest -->
