<?xml version="1.0" encoding="UTF-8"?>
<!-- Generated by org.testng.reporters.JUnitReportReporter -->
<testsuite hostname="CHQS-235LR54" failures="0" tests="2" name="com.rdk.validation.FrameworkSmokeTest" time="0.007" errors="0" timestamp="2025-12-19T10:42:50 EST" skipped="0">
  <testcase classname="com.rdk.validation.FrameworkSmokeTest" name="smokeSimulatorTest" time="0.001"/>
  <system-out/>
  <testcase classname="com.rdk.validation.FrameworkSmokeTest" name="frameworkShouldRun" time="0.006"/>
  <system-out/>
</testsuite> <!-- com.rdk.validation.FrameworkSmokeTest -->
